
Problema 2
[8, 0, 4, 2, 1, 7, 6, 5, 9, 3]
8
am schimbat 8 de pe pozitia 0 pe pozitia 8
[0, 9, 4, 2, 1, 7, 6, 5, 8, 3]
9
am schimbat 9 de pe pozitia 1 pe pozitia 9
[3, 0, 4, 2, 1, 7, 6, 5, 8, 9]
4
2
1
7
am schimbat 7 de pe pozitia 5 pe pozitia 7
[3, 5, 4, 2, 1, 0, 6, 7, 8, 9]
6
7
8
9


Problema 3
[8, 0, 4, 2, 1, 7, 6, 5, 9, 3]
39


Problema 4
[8, 0, 4, 2, 1, 7, 6, 5, 9, 3]
[8, 0, 4, 2, 1], [7, 6, 5, 9, 3]
[8, 0, 4], [2, 1]
[8, 0], [4]
[8], [0]
[2], [1]
[7, 6, 5], [9, 3]
[7, 6], [5]
[7], [6]
[9], [3]
5